Arguments: 
  /data/data/com.termux/files/usr/bin/node /data/data/com.termux/files/usr/share/yarn/bin/yarn.js start

PATH: 
  /data/data/com.termux/files/usr/bin:/data/data/com.termux/files/usr/bin/applets

Yarn version: 
  1.5.1

Node version: 
  8.11.1

Platform: 
  android arm64

npm manifest: 
  {
    "name": "moodreminder",
    "version": "1.0.0",
    "description": "Reminders to record your mood.",
    "main": "index.js",
    "scripts": {
      "dev": "nodemon start",
      "test": "echo \"Error: no test specified\" && exit 1"
    },
    "author": "Eli Tanoi",
    "license": "ISC",
    "dependencies": {
      "express": "^4.16.3",
      "nedb": "^1.8.0"
    },
    "devDependencies": {
      "nodemon": "^1.17.4"
    }
  }

yarn manifest: 
  No manifest

Lockfile: 
  No lockfile

Trace: 
  Error: Command "start" not found.
      at new MessageError (/data/data/com.termux/files/usr/share/yarn/lib/cli.js:186:110)
      at /data/data/com.termux/files/usr/share/yarn/lib/cli.js:87307:17
      at Generator.next (<anonymous>)
      at step (/data/data/com.termux/files/usr/share/yarn/lib/cli.js:98:30)
      at /data/data/com.termux/files/usr/share/yarn/lib/cli.js:116:14
      at new Promise (<anonymous>)
      at new F (/data/data/com.termux/files/usr/share/yarn/lib/cli.js:23451:28)
      at /data/data/com.termux/files/usr/share/yarn/lib/cli.js:95:12
      at runCommand (/data/data/com.termux/files/usr/share/yarn/lib/cli.js:87312:22)
      at Object.<anonymous> (/data/data/com.termux/files/usr/share/yarn/lib/cli.js:87412:14)
